Info: Starting: Create block symbol file (.bsf)
Info: qsys-generate D:\Documenten\School\UHasselt\hwsw\Quartus_projects\airhockey\nios.qsys --block-symbol-file --output-directory=D:\Documenten\School\UHasselt\hwsw\Quartus_projects\airhockey\nios --family="Cyclone V" --part=5CSEMA5F31C6
Progress: Loading airhockey/nios.qsys
Progress: Reading input file
Progress: Adding clk_0 [clock_source 16.1]
Progress: Parameterizing module clk_0
Progress: Adding i2c_0 [altera_avalon_i2c 16.1]
Progress: Parameterizing module i2c_0
Progress: Adding jtag_uart_0 [altera_avalon_jtag_uart 16.1]
Progress: Parameterizing module jtag_uart_0
Progress: Adding nios2_qsys_0 [altera_nios2_qsys 16.1]
Progress: Parameterizing module nios2_qsys_0
Progress: Adding onchip_memory2_0 [altera_avalon_onchip_memory2 16.1]
Progress: Parameterizing module onchip_memory2_0
Progress: Adding vgaComponent_0 [vgaComponent 1.0]
Progress: Parameterizing module vgaComponent_0
Progress: Building connections
Progress: Parameterizing connections
Progress: Validating
Progress: Done reading input file
Info: nios.jtag_uart_0: JTAG UART IP input clock need to be at least double (2x) the operating frequency of JTAG TCK on board
Warning: nios.nios2_qsys_0: Nios II Classic cores are no longer recommended for new projects
Info: qsys-generate succeeded.
Info: Finished: Create block symbol file (.bsf)
Info: 
Info: Starting: Create HDL design files for synthesis
Info: qsys-generate D:\Documenten\School\UHasselt\hwsw\Quartus_projects\airhockey\nios.qsys --synthesis=VERILOG --output-directory=D:\Documenten\School\UHasselt\hwsw\Quartus_projects\airhockey\nios\synthesis --family="Cyclone V" --part=5CSEMA5F31C6
Progress: Loading airhockey/nios.qsys
Progress: Reading input file
Progress: Adding clk_0 [clock_source 16.1]
Progress: Parameterizing module clk_0
Progress: Adding i2c_0 [altera_avalon_i2c 16.1]
Progress: Parameterizing module i2c_0
Progress: Adding jtag_uart_0 [altera_avalon_jtag_uart 16.1]
Progress: Parameterizing module jtag_uart_0
Progress: Adding nios2_qsys_0 [altera_nios2_qsys 16.1]
Progress: Parameterizing module nios2_qsys_0
Progress: Adding onchip_memory2_0 [altera_avalon_onchip_memory2 16.1]
Progress: Parameterizing module onchip_memory2_0
Progress: Adding vgaComponent_0 [vgaComponent 1.0]
Progress: Parameterizing module vgaComponent_0
Progress: Building connections
Progress: Parameterizing connections
Progress: Validating
Progress: Done reading input file
Info: nios.jtag_uart_0: JTAG UART IP input clock need to be at least double (2x) the operating frequency of JTAG TCK on board
Warning: nios.nios2_qsys_0: Nios II Classic cores are no longer recommended for new projects
Info: nios: Generating nios "nios" for QUARTUS_SYNTH
Info: i2c_0: "nios" instantiated altera_avalon_i2c "i2c_0"
Info: jtag_uart_0: Starting RTL generation for module 'nios_jtag_uart_0'
Info: jtag_uart_0:   Generation command is [exec D:/intelfpga_lite/16.1/quartus/bin64/perl/bin/perl.exe -I D:/intelfpga_lite/16.1/quartus/bin64/perl/lib -I D:/intelfpga_lite/16.1/quartus/sopc_builder/bin/europa -I D:/intelfpga_lite/16.1/quartus/sopc_builder/bin/perl_lib -I D:/intelfpga_lite/16.1/quartus/sopc_builder/bin -I D:/intelfpga_lite/16.1/quartus/../ip/altera/sopc_builder_ip/common -I D:/intelfpga_lite/16.1/quartus/../ip/altera/sopc_builder_ip/altera_avalon_jtag_uart -- D:/intelfpga_lite/16.1/quartus/../ip/altera/sopc_builder_ip/altera_avalon_jtag_uart/generate_rtl.pl --name=nios_jtag_uart_0 --dir=C:/Users/Roy/AppData/Local/Temp/alt8022_2229070507941765742.dir/0003_jtag_uart_0_gen/ --quartus_dir=D:/intelfpga_lite/16.1/quartus --verilog --config=C:/Users/Roy/AppData/Local/Temp/alt8022_2229070507941765742.dir/0003_jtag_uart_0_gen//nios_jtag_uart_0_component_configuration.pl  --do_build_sim=0  ]
Info: jtag_uart_0: Done RTL generation for module 'nios_jtag_uart_0'
Info: jtag_uart_0: "nios" instantiated altera_avalon_jtag_uart "jtag_uart_0"
Info: nios2_qsys_0: Starting RTL generation for module 'nios_nios2_qsys_0'
Info: nios2_qsys_0:   Generation command is [exec D:/intelfpga_lite/16.1/quartus/bin64/eperlcmd.exe -I D:/intelfpga_lite/16.1/quartus/bin64/perl/lib -I D:/intelfpga_lite/16.1/quartus/sopc_builder/bin/europa -I D:/intelfpga_lite/16.1/quartus/sopc_builder/bin/perl_lib -I D:/intelfpga_lite/16.1/quartus/sopc_builder/bin -I D:/intelfpga_lite/16.1/quartus/../ip/altera/nios2_ip/altera_nios2/cpu_lib -I D:/intelfpga_lite/16.1/quartus/../ip/altera/nios2_ip/altera_nios2/nios_lib -I D:/intelfpga_lite/16.1/quartus/../ip/altera/nios2_ip/altera_nios2 -I D:/intelfpga_lite/16.1/quartus/../ip/altera/nios2_ip/altera_nios2 -- D:/intelfpga_lite/16.1/quartus/../ip/altera/nios2_ip/altera_nios2/generate_rtl.epl --name=nios_nios2_qsys_0 --dir=C:/Users/Roy/AppData/Local/Temp/alt8022_2229070507941765742.dir/0004_nios2_qsys_0_gen/ --quartus_bindir=D:/intelfpga_lite/16.1/quartus/bin64 --verilog --config=C:/Users/Roy/AppData/Local/Temp/alt8022_2229070507941765742.dir/0004_nios2_qsys_0_gen//nios_nios2_qsys_0_processor_configuration.pl  --do_build_sim=0  ]
Info: nios2_qsys_0: # 2019.05.06 19:18:00 (*) Starting Nios II generation
Info: nios2_qsys_0: # 2019.05.06 19:18:00 (*)   Checking for plaintext license.
Info: nios2_qsys_0: # 2019.05.06 19:18:01 (*)   Couldn't query license setup in Quartus directory D:/intelfpga_lite/16.1/quartus/bin64
Info: nios2_qsys_0: # 2019.05.06 19:18:01 (*)   Defaulting to contents of LM_LICENSE_FILE environment variable
Info: nios2_qsys_0: # 2019.05.06 19:18:01 (*)   LM_LICENSE_FILE environment variable is empty
Info: nios2_qsys_0: # 2019.05.06 19:18:01 (*)   Plaintext license not found.
Info: nios2_qsys_0: # 2019.05.06 19:18:01 (*)   Checking for encrypted license (non-evaluation).
Info: nios2_qsys_0: # 2019.05.06 19:18:02 (*)   Couldn't query license setup in Quartus directory D:/intelfpga_lite/16.1/quartus/bin64
Info: nios2_qsys_0: # 2019.05.06 19:18:02 (*)   Defaulting to contents of LM_LICENSE_FILE environment variable
Info: nios2_qsys_0: # 2019.05.06 19:18:02 (*)   LM_LICENSE_FILE environment variable is empty
Info: nios2_qsys_0: # 2019.05.06 19:18:02 (*)   Encrypted license not found.  Defaulting to OCP evaluation license (produces a time-limited SOF)
Info: nios2_qsys_0: # 2019.05.06 19:18:02 (*)   Elaborating CPU configuration settings
Info: nios2_qsys_0: # 2019.05.06 19:18:02 (*)   Creating all objects for CPU
Info: nios2_qsys_0: # 2019.05.06 19:18:03 (*)     Pipeline frontend
Info: nios2_qsys_0: # 2019.05.06 19:18:05 (*)   Generating RTL from CPU objects
Info: nios2_qsys_0: # 2019.05.06 19:18:07 (*)   Creating encrypted RTL
Info: nios2_qsys_0: # 2019.05.06 19:18:08 (*) Done Nios II generation
Info: nios2_qsys_0: Done RTL generation for module 'nios_nios2_qsys_0'
Info: nios2_qsys_0: "nios" instantiated altera_nios2_qsys "nios2_qsys_0"
Info: onchip_memory2_0: Starting RTL generation for module 'nios_onchip_memory2_0'
Info: onchip_memory2_0:   Generation command is [exec D:/intelfpga_lite/16.1/quartus/bin64/perl/bin/perl.exe -I D:/intelfpga_lite/16.1/quartus/bin64/perl/lib -I D:/intelfpga_lite/16.1/quartus/sopc_builder/bin/europa -I D:/intelfpga_lite/16.1/quartus/sopc_builder/bin/perl_lib -I D:/intelfpga_lite/16.1/quartus/sopc_builder/bin -I D:/intelfpga_lite/16.1/quartus/../ip/altera/sopc_builder_ip/common -I D:/intelfpga_lite/16.1/quartus/../ip/altera/sopc_builder_ip/altera_avalon_onchip_memory2 -- D:/intelfpga_lite/16.1/quartus/../ip/altera/sopc_builder_ip/altera_avalon_onchip_memory2/generate_rtl.pl --name=nios_onchip_memory2_0 --dir=C:/Users/Roy/AppData/Local/Temp/alt8022_2229070507941765742.dir/0005_onchip_memory2_0_gen/ --quartus_dir=D:/intelfpga_lite/16.1/quartus --verilog --config=C:/Users/Roy/AppData/Local/Temp/alt8022_2229070507941765742.dir/0005_onchip_memory2_0_gen//nios_onchip_memory2_0_component_configuration.pl  --do_build_sim=0  ]
Info: onchip_memory2_0: Done RTL generation for module 'nios_onchip_memory2_0'
Info: onchip_memory2_0: "nios" instantiated altera_avalon_onchip_memory2 "onchip_memory2_0"
Info: vgaComponent_0: "nios" instantiated vgaComponent "vgaComponent_0"
Info: avalon_st_adapter: Inserting error_adapter: error_adapter_0
Info: avalon_st_adapter_001: Inserting error_adapter: error_adapter_0
Info: avalon_st_adapter_002: Inserting error_adapter: error_adapter_0
Info: avalon_st_adapter_003: Inserting error_adapter: error_adapter_0
Info: avalon_st_adapter_004: Inserting error_adapter: error_adapter_0
Info: mm_interconnect_0: "nios" instantiated altera_mm_interconnect "mm_interconnect_0"
Info: irq_mapper: "nios" instantiated altera_irq_mapper "irq_mapper"
Info: rst_controller: "nios" instantiated altera_reset_controller "rst_controller"
Info: nios2_qsys_0_data_master_translator: "mm_interconnect_0" instantiated altera_merlin_master_translator "nios2_qsys_0_data_master_translator"
Info: jtag_uart_0_avalon_jtag_slave_translator: "mm_interconnect_0" instantiated altera_merlin_slave_translator "jtag_uart_0_avalon_jtag_slave_translator"
Info: nios2_qsys_0_data_master_agent: "mm_interconnect_0" instantiated altera_merlin_master_agent "nios2_qsys_0_data_master_agent"
Info: jtag_uart_0_avalon_jtag_slave_agent: "mm_interconnect_0" instantiated altera_merlin_slave_agent "jtag_uart_0_avalon_jtag_slave_agent"
Info: jtag_uart_0_avalon_jtag_slave_agent_rsp_fifo: "mm_interconnect_0" instantiated altera_avalon_sc_fifo "jtag_uart_0_avalon_jtag_slave_agent_rsp_fifo"
Info: router: "mm_interconnect_0" instantiated altera_merlin_router "router"
Info: router_001: "mm_interconnect_0" instantiated altera_merlin_router "router_001"
Info: router_002: "mm_interconnect_0" instantiated altera_merlin_router "router_002"
Info: router_003: "mm_interconnect_0" instantiated altera_merlin_router "router_003"
Info: router_005: "mm_interconnect_0" instantiated altera_merlin_router "router_005"
Info: nios2_qsys_0_instruction_master_limiter: "mm_interconnect_0" instantiated altera_merlin_traffic_limiter "nios2_qsys_0_instruction_master_limiter"
Info: Reusing file D:/Documenten/School/UHasselt/hwsw/Quartus_projects/airhockey/nios/synthesis/submodules/altera_avalon_sc_fifo.v
Info: vgaComponent_0_avalon_slave_0_burst_adapter: "mm_interconnect_0" instantiated altera_merlin_burst_adapter "vgaComponent_0_avalon_slave_0_burst_adapter"
Info: Reusing file D:/Documenten/School/UHasselt/hwsw/Quartus_projects/airhockey/nios/synthesis/submodules/altera_avalon_st_pipeline_base.v
Info: cmd_demux: "mm_interconnect_0" instantiated altera_merlin_demultiplexer "cmd_demux"
Info: cmd_demux_001: "mm_interconnect_0" instantiated altera_merlin_demultiplexer "cmd_demux_001"
Info: cmd_mux: "mm_interconnect_0" instantiated altera_merlin_multiplexer "cmd_mux"
Info: cmd_mux_003: "mm_interconnect_0" instantiated altera_merlin_multiplexer "cmd_mux_003"
Info: Reusing file D:/Documenten/School/UHasselt/hwsw/Quartus_projects/airhockey/nios/synthesis/submodules/altera_merlin_arbitrator.sv
Info: rsp_demux: "mm_interconnect_0" instantiated altera_merlin_demultiplexer "rsp_demux"
Info: rsp_demux_003: "mm_interconnect_0" instantiated altera_merlin_demultiplexer "rsp_demux_003"
Info: rsp_mux: "mm_interconnect_0" instantiated altera_merlin_multiplexer "rsp_mux"
Info: Reusing file D:/Documenten/School/UHasselt/hwsw/Quartus_projects/airhockey/nios/synthesis/submodules/altera_merlin_arbitrator.sv
Info: rsp_mux_001: "mm_interconnect_0" instantiated altera_merlin_multiplexer "rsp_mux_001"
Info: Reusing file D:/Documenten/School/UHasselt/hwsw/Quartus_projects/airhockey/nios/synthesis/submodules/altera_merlin_arbitrator.sv
Info: vgaComponent_0_avalon_slave_0_rsp_width_adapter: "mm_interconnect_0" instantiated altera_merlin_width_adapter "vgaComponent_0_avalon_slave_0_rsp_width_adapter"
Info: Reusing file D:/Documenten/School/UHasselt/hwsw/Quartus_projects/airhockey/nios/synthesis/submodules/altera_merlin_address_alignment.sv
Info: Reusing file D:/Documenten/School/UHasselt/hwsw/Quartus_projects/airhockey/nios/synthesis/submodules/altera_merlin_burst_uncompressor.sv
Info: avalon_st_adapter: "mm_interconnect_0" instantiated altera_avalon_st_adapter "avalon_st_adapter"
Info: avalon_st_adapter_001: "mm_interconnect_0" instantiated altera_avalon_st_adapter "avalon_st_adapter_001"
Info: error_adapter_0: "avalon_st_adapter" instantiated error_adapter "error_adapter_0"
Info: error_adapter_0: "avalon_st_adapter_001" instantiated error_adapter "error_adapter_0"
Info: nios: Done "nios" with 34 modules, 72 files
Info: qsys-generate succeeded.
Info: Finished: Create HDL design files for synthesis
