Assembler report for VGA
Mon Apr 29 10:46:07 2019
Quartus Prime Version 16.1.0 Build 196 10/24/2016 SJ Lite Edition


---------------------
; Table of Contents ;
---------------------
  1. Legal Notice
  2. Assembler Summary
  3. Assembler Settings
  4. Assembler Generated Files
  5. Assembler Device Options: D:/Documenten/School/UHasselt/hwsw/Quartus_projects/airhockey/output_files/VGA.sof
  6. Assembler Messages



----------------
; Legal Notice ;
----------------
Copyright (C) 2016  Intel Corporation. All rights reserved.
Your use of Intel Corporation's design tools, logic functions 
and other software and tools, and its AMPP partner logic 
functions, and any output files from any of the foregoing 
(including device programming or simulation files), and any 
associated documentation or information are expressly subject 
to the terms and conditions of the Intel Program License 
Subscription Agreement, the Intel Quartus Prime License Agreement,
the Intel MegaCore Function License Agreement, or other 
applicable license agreement, including, without limitation, 
that your use is for the sole purpose of programming logic 
devices manufactured by Intel and sold by Intel or its 
authorized distributors.  Please refer to the applicable 
agreement for further details.



+---------------------------------------------------------------+
; Assembler Summary                                             ;
+-----------------------+---------------------------------------+
; Assembler Status      ; Successful - Mon Apr 29 10:46:07 2019 ;
; Revision Name         ; VGA                                   ;
; Top-level Entity Name ; DE1_SOC_golden_top                    ;
; Family                ; Cyclone V                             ;
; Device                ; 5CSEMA5F31C6                          ;
+-----------------------+---------------------------------------+


+----------------------------------+
; Assembler Settings               ;
+--------+---------+---------------+
; Option ; Setting ; Default Value ;
+--------+---------+---------------+


+------------------------------------------------------------------------------------+
; Assembler Generated Files                                                          ;
+------------------------------------------------------------------------------------+
; File Name                                                                          ;
+------------------------------------------------------------------------------------+
; D:/Documenten/School/UHasselt/hwsw/Quartus_projects/airhockey/output_files/VGA.sof ;
+------------------------------------------------------------------------------------+


+--------------------------------------------------------------------------------------------------------------+
; Assembler Device Options: D:/Documenten/School/UHasselt/hwsw/Quartus_projects/airhockey/output_files/VGA.sof ;
+----------------+---------------------------------------------------------------------------------------------+
; Option         ; Setting                                                                                     ;
+----------------+---------------------------------------------------------------------------------------------+
; Device         ; 5CSEMA5F31C6                                                                                ;
; JTAG usercode  ; 0x04809D48                                                                                  ;
; Checksum       ; 0x04809D48                                                                                  ;
+----------------+---------------------------------------------------------------------------------------------+


+--------------------+
; Assembler Messages ;
+--------------------+
Info: *******************************************************************
Info: Running Quartus Prime Assembler
    Info: Version 16.1.0 Build 196 10/24/2016 SJ Lite Edition
    Info: Processing started: Mon Apr 29 10:45:57 2019
Info: Command: quartus_asm --read_settings_files=off --write_settings_files=off VGA -c VGA
Warning (125092): Tcl Script File pll100mhz.qip not found
    Info (125063): set_global_assignment -name QIP_FILE pll100mhz.qip
Warning (125092): Tcl Script File pll100mhz.sip not found
    Info (125063): set_global_assignment -name SIP_FILE pll100mhz.sip
Warning (125092): Tcl Script File pll65mhz.qip not found
    Info (125063): set_global_assignment -name QIP_FILE pll65mhz.qip
Warning (125092): Tcl Script File pll65mhz.sip not found
    Info (125063): set_global_assignment -name SIP_FILE pll65mhz.sip
Warning (125092): Tcl Script File textRam.qip not found
    Info (125063): set_global_assignment -name QIP_FILE textRam.qip
Warning (18236): Number of processors has not been specified which may cause overloading on shared machines.  Set the global assignment NUM_PARALLEL_PROCESSORS in your QSF to an appropriate value for best performance.
Info (115030): Assembler is generating device programming files
Info: Quartus Prime Assembler was successful. 0 errors, 6 warnings
    Info: Peak virtual memory: 4888 megabytes
    Info: Processing ended: Mon Apr 29 10:46:08 2019
    Info: Elapsed time: 00:00:11
    Info: Total CPU time (on all processors): 00:00:10


